#
# A fatal error has been detected by the Java Runtime Environment:
#
#  EXCEPTION_ACCESS_VIOLATION (0xc0000005) at pc=0x000000005334cc61, pid=4476, tid=0x0000000000000f0c
#
# JRE version: Java(TM) SE Runtime Environment (8.0_181-b13) (build 1.8.0_181-b13)
# Java VM: Java HotSpot(TM) 64-Bit Server VM (25.181-b13 mixed mode windows-amd64 compressed oops)
# Problematic frame:
# V  [jvm.dll+0x15cc61]
#
# Failed to write core dump. Minidumps are not enabled by default on client versions of Windows
#
# If you would like to submit a bug report, please visit:
#   http://bugreport.java.com/bugreport/crash.jsp
#

---------------  T H R E A D  ---------------

Current thread (0x0000000022f12800):  JavaThread "http-nio-9090-ClientPoller-0" daemon [_thread_in_vm, id=3852, stack(0x0000000025090000,0x0000000025190000)]

siginfo: ExceptionCode=0xc0000005, reading address 0x0000000000000000

Registers:
RAX=0x0000000000000000, RBX=0x0000000022f12800, RCX=0x0000000000000280, RDX=0x0000000000000000
RSP=0x000000002518d150, RBP=0x0000000000000000, RSI=0x0000000000000000, RDI=0x0000000000000253
R8 =0x0000000000000000, R9 =0x0000000000000253, R10=0x0000000053996eb0, R11=0x0000000000000246
R12=0x0000000000000000, R13=0x0000000000000000, R14=0x000000001f5756e8, R15=0x0000000002b11050
RIP=0x000000005334cc61, EFLAGS=0x0000000000010246

Top of Stack: (sp=0x000000002518d150)
0x000000002518d150:   0000000002b11050 000000001f5756e8
0x000000002518d160:   0000000000000000 0000000000000000
0x000000002518d170:   0000000022f129f8 00007ffd59ec1a2a
0x000000002518d180:   0000000022f12800 0000000000000000
0x000000002518d190:   0000000000000000 0000000053529e93
0x000000002518d1a0:   0000000000000000 00007ffd59ec41ab
0x000000002518d1b0:   0000000000000000 0000000000000000
0x000000002518d1c0:   0000000022f129f8 0000000000000000
0x000000002518d1d0:   000000001cec41e0 0000c0abb917b962
0x000000002518d1e0:   000000002518d3e0 000000002518d3e8
0x000000002518d1f0:   0000000000000000 0000000000000000
0x000000002518d200:   000000002518d3e0 000000002518d3e8
0x000000002518d210:   0000000000000000 00007ffd59ec40dc
0x000000002518d220:   0000000002b11050 0000000000000000
0x000000002518d230:   000000001cec4470 000000005319a988
0x000000002518d240:   0000000000000000 000000001cec4470 

Instructions: (pc=0x000000005334cc61)
0x000000005334cc41:   00 48 83 7b 08 00 48 89 5c 24 30 48 c7 44 24 38
0x000000005334cc51:   00 00 00 00 74 0a 48 8d 4c 24 30 e8 af 0c 12 00
0x000000005334cc61:   4c 8b 4d 00 85 f6 0f 88 1c 01 00 00 85 ff 0f 88
0x000000005334cc71:   14 01 00 00 0f b6 15 f5 6c 6b 00 41 b8 10 00 00 


Register to memory mapping:

RAX=0x0000000000000000 is an unknown value
RBX=0x0000000022f12800 is a thread
RCX=0x0000000000000280 is an unknown value
RDX=0x0000000000000000 is an unknown value
RSP=0x000000002518d150 is pointing into the stack for thread: 0x0000000022f12800
RBP=0x0000000000000000 is an unknown value
RSI=0x0000000000000000 is an unknown value
RDI=0x0000000000000253 is an unknown value
R8 =0x0000000000000000 is an unknown value
R9 =0x0000000000000253 is an unknown value
R10=0x0000000053996eb0 is an unknown value
R11=0x0000000000000246 is an unknown value
R12=0x0000000000000000 is an unknown value
R13=0x0000000000000000 is an unknown value
R14=0x000000001f5756e8 is an unknown value
R15=0x0000000002b11050 is an unknown value


Stack: [0x0000000025090000,0x0000000025190000],  sp=0x000000002518d150,  free space=1012k
Native frames: (J=compiled Java code, j=interpreted, Vv=VM code, C=native code)

Java frames: (J=compiled Java code, j=interpreted, Vv=VM code)
J 1422  java.lang.ClassLoader._jr$jni$findBootstrapClass(Ljava/lang/String;)Ljava/lang/Class; (0 bytes) @ 0x000000000322b30f [0x000000000322b2c0+0x4f]
J 1391 C1 java.lang.ClassLoader.loadClass(Ljava/lang/String;Z)Ljava/lang/Class; (135 bytes) @ 0x0000000003222b1c [0x00000000032228e0+0x23c]
J 1391 C1 java.lang.ClassLoader.loadClass(Ljava/lang/String;Z)Ljava/lang/Class; (135 bytes) @ 0x0000000003222ae4 [0x00000000032228e0+0x204]
J 1757 C1 sun.misc.Launcher$AppClassLoader.loadClass(Ljava/lang/String;Z)Ljava/lang/Class; (95 bytes) @ 0x00000000032ca08c [0x00000000032c9de0+0x2ac]
J 1839 C1 java.lang.ClassLoader.loadClass(Ljava/lang/String;)Ljava/lang/Class; (11 bytes) @ 0x00000000032eacfc [0x00000000032eaca0+0x5c]
v  ~StubRoutines::call_stub
j  org.apache.tomcat.util.net.NioEndpoint$Poller.timeout(IZ)V+52
j  org.apache.tomcat.util.net.NioEndpoint$Poller.run()V+262
j  java.lang.Thread.run()V+15
v  ~StubRoutines::call_stub

---------------  P R O C E S S  ---------------

Java Threads: ( => current thread )
  0x0000000022f19000 JavaThread "HikariPool-1 housekeeper" daemon [_thread_blocked, id=12320, stack(0x0000000025a90000,0x0000000025b90000)]
  0x0000000022f14800 JavaThread "DestroyJavaVM" [_thread_blocked, id=14900, stack(0x0000000002960000,0x0000000002a60000)]
  0x0000000022f17000 JavaThread "http-nio-9090-AsyncTimeout" daemon [_thread_blocked, id=6936, stack(0x0000000025390000,0x0000000025490000)]
  0x0000000022f11800 JavaThread "http-nio-9090-Acceptor-0" daemon [_thread_in_native, id=9504, stack(0x0000000025290000,0x0000000025390000)]
  0x0000000022f15800 JavaThread "http-nio-9090-ClientPoller-1" daemon [_thread_blocked, id=13416, stack(0x0000000025190000,0x0000000025290000)]
=>0x0000000022f12800 JavaThread "http-nio-9090-ClientPoller-0" daemon [_thread_in_vm, id=3852, stack(0x0000000025090000,0x0000000025190000)]
  0x0000000022f13000 JavaThread "http-nio-9090-exec-10" daemon [_thread_blocked, id=2564, stack(0x0000000024f90000,0x0000000025090000)]
  0x0000000022f16000 JavaThread "http-nio-9090-exec-9" daemon [_thread_blocked, id=11080, stack(0x0000000024e90000,0x0000000024f90000)]
  0x0000000022960000 JavaThread "http-nio-9090-exec-8" daemon [_thread_blocked, id=11372, stack(0x0000000024d90000,0x0000000024e90000)]
  0x000000002295f800 JavaThread "http-nio-9090-exec-7" daemon [_thread_blocked, id=11440, stack(0x0000000024c90000,0x0000000024d90000)]
  0x0000000022966000 JavaThread "http-nio-9090-exec-6" daemon [_thread_blocked, id=9892, stack(0x0000000024b90000,0x0000000024c90000)]
  0x000000002295e800 JavaThread "http-nio-9090-exec-5" daemon [_thread_blocked, id=10704, stack(0x0000000024a90000,0x0000000024b90000)]
  0x0000000022965800 JavaThread "http-nio-9090-exec-4" daemon [_thread_blocked, id=12460, stack(0x0000000024990000,0x0000000024a90000)]
  0x0000000022964800 JavaThread "http-nio-9090-exec-3" daemon [_thread_blocked, id=13860, stack(0x0000000024890000,0x0000000024990000)]
  0x0000000022964000 JavaThread "http-nio-9090-exec-2" daemon [_thread_blocked, id=8564, stack(0x0000000024790000,0x0000000024890000)]
  0x0000000022962800 JavaThread "http-nio-9090-exec-1" daemon [_thread_blocked, id=11480, stack(0x0000000024690000,0x0000000024790000)]
  0x000000002295e000 JavaThread "NioBlockingSelector.BlockPoller-1" daemon [_thread_blocked, id=13464, stack(0x0000000024590000,0x0000000024690000)]
  0x000000002295d000 JavaThread "RMI TCP Connection(idle)" daemon [_thread_blocked, id=4352, stack(0x0000000024390000,0x0000000024490000)]
  0x0000000022959800 JavaThread "RMI TCP Connection(idle)" daemon [_thread_blocked, id=14320, stack(0x0000000024090000,0x0000000024190000)]
  0x000000001ccd6000 JavaThread "Abandoned connection cleanup thread" daemon [_thread_blocked, id=3472, stack(0x0000000023b90000,0x0000000023c90000)]
  0x000000001ccd5000 JavaThread "container-0" [_thread_blocked, id=8440, stack(0x0000000023a90000,0x0000000023b90000)]
  0x000000001ccca800 JavaThread "ContainerBackgroundProcessor[StandardEngine[Tomcat]]" daemon [_thread_blocked, id=6192, stack(0x0000000023990000,0x0000000023a90000)]
  0x000000001ccd2000 JavaThread "RMI Scheduler(0)" daemon [_thread_blocked, id=6268, stack(0x000000001fef0000,0x000000001fff0000)]
  0x000000001cccb800 JavaThread "RMI TCP Connection(idle)" daemon [_thread_blocked, id=10940, stack(0x000000001fdf0000,0x000000001fef0000)]
  0x000000001cccc000 JavaThread "RMI TCP Accept-0" daemon [_thread_in_native, id=5136, stack(0x000000001e720000,0x000000001e820000)]
  0x000000001ccc7800 JavaThread "Service Thread" daemon [_thread_blocked, id=6984, stack(0x000000001e420000,0x000000001e520000)]
  0x000000001cd00000 JavaThread "C1 CompilerThread3" daemon [_thread_blocked, id=12912, stack(0x000000001e320000,0x000000001e420000)]
  0x000000001ccdc000 JavaThread "C2 CompilerThread2" daemon [_thread_blocked, id=11580, stack(0x000000001e220000,0x000000001e320000)]
  0x000000001ccdb000 JavaThread "C2 CompilerThread1" daemon [_thread_blocked, id=5428, stack(0x000000001e120000,0x000000001e220000)]
  0x000000001ccda800 JavaThread "C2 CompilerThread0" daemon [_thread_blocked, id=10852, stack(0x000000001e020000,0x000000001e120000)]
  0x000000001ccc9000 JavaThread "rebel-change-detector-thread" daemon [_thread_blocked, id=5676, stack(0x000000001df20000,0x000000001e020000)]
  0x000000001cccd000 JavaThread "rebel-debugger-thread" daemon [_thread_blocked, id=10472, stack(0x000000001de20000,0x000000001df20000)]
  0x000000001ccc8800 JavaThread "rebel-debugger-attach-notifier" daemon [_thread_blocked, id=3780, stack(0x000000001dd20000,0x000000001de20000)]
  0x000000001ccc7000 JavaThread "rebel-heartbeat-thread" daemon [_thread_blocked, id=12016, stack(0x000000001dc20000,0x000000001dd20000)]
  0x000000001aa3c800 JavaThread "rebel-redeploy-thread" daemon [_thread_blocked, id=1528, stack(0x000000001db20000,0x000000001dc20000)]
  0x000000001aa3b000 JavaThread "rebel-weak-reaper" daemon [_thread_blocked, id=14816, stack(0x000000001da20000,0x000000001db20000)]
  0x000000001aa40800 JavaThread "rebel-leaseManager-1" daemon [_thread_blocked, id=5484, stack(0x000000001d720000,0x000000001d820000)]
  0x000000001aa3f800 JavaThread "rebel-IDENotificationsImpl-PostCycle" daemon [_thread_blocked, id=6732, stack(0x000000001d620000,0x000000001d720000)]
  0x000000001aa3f000 JavaThread "rebel-messaging-executor-32" daemon [_thread_blocked, id=11732, stack(0x000000001d520000,0x000000001d620000)]
  0x000000001aa3e000 JavaThread "rebel-cache-writer" daemon [_thread_blocked, id=3448, stack(0x000000001d420000,0x000000001d520000)]
  0x000000001aa41000 JavaThread "rebel-fsnotify-OutputReader" daemon [_thread_blocked, id=6520, stack(0x000000001d320000,0x000000001d420000)]
  0x000000001aa3d800 JavaThread "rebel-fsnotify-OutputReader" daemon [_thread_blocked, id=10788, stack(0x000000001d220000,0x000000001d320000)]
  0x000000001aa3c000 JavaThread "rebel-fsnotify-ShutdownOnTermination" daemon [_thread_in_native, id=11864, stack(0x000000001d120000,0x000000001d220000)]
  0x000000001a9cb800 JavaThread "rebel-CacheKeepAlive" daemon [_thread_blocked, id=8656, stack(0x000000001b150000,0x000000001b250000)]
  0x000000001a93d800 JavaThread "rebel-logger" daemon [_thread_blocked, id=12192, stack(0x000000001b050000,0x000000001b150000)]
  0x000000001928d800 JavaThread "JDWP Command Reader" daemon [_thread_in_native, id=11056, stack(0x000000001a750000,0x000000001a850000)]
  0x000000001928a000 JavaThread "JDWP Event Helper Thread" daemon [_thread_blocked, id=9888, stack(0x000000001a650000,0x000000001a750000)]
  0x0000000019287800 JavaThread "JDWP Transport Listener: dt_socket" daemon [_thread_blocked, id=4976, stack(0x000000001a550000,0x000000001a650000)]
  0x0000000019271000 JavaThread "Attach Listener" daemon [_thread_blocked, id=7876, stack(0x000000001a450000,0x000000001a550000)]
  0x000000001924b000 JavaThread "Signal Dispatcher" daemon [_thread_blocked, id=5984, stack(0x000000001a350000,0x000000001a450000)]
  0x0000000017f60000 JavaThread "Finalizer" daemon [_thread_blocked, id=2636, stack(0x000000001a250000,0x000000001a350000)]
  0x0000000002c0d800 JavaThread "Reference Handler" daemon [_thread_blocked, id=1460, stack(0x000000001a150000,0x000000001a250000)]

Other Threads:
  0x0000000002c0b000 VMThread [stack: 0x000000001a050000,0x000000001a150000] [id=10296]
  0x000000001e9f3000 WatcherThread [stack: 0x000000001f7f0000,0x000000001f8f0000] [id=4652]

VM state:synchronizing (normal execution)

VM Mutex/Monitor currently owned by a thread:  ([mutex/lock_event])
[0x0000000002b154e0] Threads_lock - owner thread: 0x0000000002c0b000
[0x0000000002b14e60] Heap_lock - owner thread: 0x0000000022f15800

Heap:
 PSYoungGen      total 475136K, used 346624K [0x00000000d5580000, 0x0000000100000000, 0x0000000100000000)
  eden space 346624K, 100% used [0x00000000d5580000,0x00000000ea800000,0x00000000ea800000)
  from space 128512K, 0% used [0x00000000f8280000,0x00000000f8280000,0x0000000100000000)
  to   space 176128K, 0% used [0x00000000ea800000,0x00000000ea800000,0x00000000f5400000)
 ParOldGen       total 1398272K, used 1398271K [0x0000000080000000, 0x00000000d5580000, 0x00000000d5580000)
  object space 1398272K, 99% used [0x0000000080000000,0x00000000d557ffc8,0x00000000d5580000)
 Metaspace       used 71764K, capacity 74490K, committed 75352K, reserved 1116160K
  class space    used 8701K, capacity 9176K, committed 9344K, reserved 1048576K

Card table byte_map: [0x00000000122b0000,0x00000000126c0000] byte_map_base: 0x0000000011eb0000

Marking Bits: (ParMarkBitMap*) 0x0000000053a12d00
 Begin Bits: [0x0000000013170000, 0x0000000015170000)
 End Bits:   [0x0000000015170000, 0x0000000017170000)

Polling page: 0x00000000003f0000

CodeCache: size=245760Kb used=14496Kb max_used=14646Kb free=231263Kb
 bounds [0x0000000002ef0000, 0x0000000003d50000, 0x0000000011ef0000]
 total_blobs=8674 nmethods=8120 adapters=471
 compilation: enabled

Compilation events (10 events):
Event: 90.097 Thread 0x000000001cd00000 8250       1       sun.nio.ch.SelectorImpl::_jr$ig$publicKeys (8 bytes)
Event: 90.097 Thread 0x000000001cd00000 nmethod 8250 0x0000000003411b90 code [0x0000000003411ce0, 0x0000000003411e10]
Event: 99.001 Thread 0x000000001cd00000 8251   !   1       org.apache.tomcat.util.net.NioEndpoint$Poller::events (113 bytes)
Event: 118.527 Thread 0x000000001cd00000 nmethod 8251 0x00000000034f5dd0 code [0x00000000034f5f80, 0x00000000034f62d8]
Event: 142.225 Thread 0x000000001cd00000 8254       1       org.apache.juli.logging.DirectJDKLog::_jr$ig$logger (8 bytes)
Event: 154.054 Thread 0x000000001cd00000 nmethod 8254 0x000000000374d950 code [0x000000000374daa0, 0x000000000374dbd0]
Event: 190.834 Thread 0x000000001cd00000 8256       1       java.io.BufferedWriter::_jr$ig$nChars (8 bytes)
Event: 193.842 Thread 0x000000001cd00000 nmethod 8256 0x0000000003871710 code [0x0000000003871860, 0x0000000003871990]
Event: 198.000 Thread 0x000000001cd00000 8252       1       org.apache.tomcat.util.net.NioEndpoint$Poller::_jr$ig$wakeupCounter (8 bytes)
Event: 198.581 Thread 0x000000001cd00000 nmethod 8252 0x000000000388b8d0 code [0x000000000388ba20, 0x000000000388bb50]

GC Heap History (10 events):
Event: 196.818 GC heap before
{Heap before GC invocations=318 (full 249):
 PSYoungGen      total 475136K, used 346624K [0x00000000d5580000, 0x0000000100000000, 0x0000000100000000)
  eden space 346624K, 100% used [0x00000000d5580000,0x00000000ea800000,0x00000000ea800000)
  from space 128512K, 0% used [0x00000000f8280000,0x00000000f8280000,0x0000000100000000)
  to   space 176128K, 0% used [0x00000000ea800000,0x00000000ea800000,0x00000000f5400000)
 ParOldGen       total 1398272K, used 1398272K [0x0000000080000000, 0x00000000d5580000, 0x00000000d5580000)
  object space 1398272K, 100% used [0x0000000080000000,0x00000000d5580000,0x00000000d5580000)
 Metaspace       used 71761K, capacity 74490K, committed 75352K, reserved 1116160K
  class space    used 8701K, capacity 9176K, committed 9344K, reserved 1048576K
Event: 197.413 GC heap after
Heap after GC invocations=318 (full 249):
 PSYoungGen      total 475136K, used 346624K [0x00000000d5580000, 0x0000000100000000, 0x0000000100000000)
  eden space 346624K, 100% used [0x00000000d5580000,0x00000000ea800000,0x00000000ea800000)
  from space 128512K, 0% used [0x00000000f8280000,0x00000000f8280000,0x0000000100000000)
  to   space 176128K, 0% used [0x00000000ea800000,0x00000000ea800000,0x00000000f5400000)
 ParOldGen       total 1398272K, used 1398272K [0x0000000080000000, 0x00000000d5580000, 0x00000000d5580000)
  object space 1398272K, 100% used [0x0000000080000000,0x00000000d5580000,0x00000000d5580000)
 Metaspace       used 71761K, capacity 74490K, committed 75352K, reserved 1116160K
  class space    used 8701K, capacity 9176K, committed 9344K, reserved 1048576K
}
Event: 197.413 GC heap before
{Heap before GC invocations=319 (full 250):
 PSYoungGen      total 475136K, used 346624K [0x00000000d5580000, 0x0000000100000000, 0x0000000100000000)
  eden space 346624K, 100% used [0x00000000d5580000,0x00000000ea800000,0x00000000ea800000)
  from space 128512K, 0% used [0x00000000f8280000,0x00000000f8280000,0x0000000100000000)
  to   space 176128K, 0% used [0x00000000ea800000,0x00000000ea800000,0x00000000f5400000)
 ParOldGen       total 1398272K, used 1398272K [0x0000000080000000, 0x00000000d5580000, 0x00000000d5580000)
  object space 1398272K, 100% used [0x0000000080000000,0x00000000d5580000,0x00000000d5580000)
 Metaspace       used 71761K, capacity 74490K, committed 75352K, reserved 1116160K
  class space    used 8701K, capacity 9176K, committed 9344K, reserved 1048576K
Event: 198.000 GC heap after
Heap after GC invocations=319 (full 250):
 PSYoungGen      total 475136K, used 346624K [0x00000000d5580000, 0x0000000100000000, 0x0000000100000000)
  eden space 346624K, 100% used [0x00000000d5580000,0x00000000ea800000,0x00000000ea800000)
  from space 128512K, 0% used [0x00000000f8280000,0x00000000f8280000,0x0000000100000000)
  to   space 176128K, 0% used [0x00000000ea800000,0x00000000ea800000,0x00000000f5400000)
 ParOldGen       total 1398272K, used 1398272K [0x0000000080000000, 0x00000000d5580000, 0x00000000d5580000)
  object space 1398272K, 100% used [0x0000000080000000,0x00000000d5580000,0x00000000d5580000)
 Metaspace       used 71761K, capacity 74490K, committed 75352K, reserved 1116160K
  class space    used 8701K, capacity 9176K, committed 9344K, reserved 1048576K
}
Event: 198.000 GC heap before
{Heap before GC invocations=320 (full 251):
 PSYoungGen      total 475136K, used 346624K [0x00000000d5580000, 0x0000000100000000, 0x0000000100000000)
  eden space 346624K, 100% used [0x00000000d5580000,0x00000000ea800000,0x00000000ea800000)
  from space 128512K, 0% used [0x00000000f8280000,0x00000000f8280000,0x0000000100000000)
  to   space 176128K, 0% used [0x00000000ea800000,0x00000000ea800000,0x00000000f5400000)
 ParOldGen       total 1398272K, used 1398272K [0x0000000080000000, 0x00000000d5580000, 0x00000000d5580000)
  object space 1398272K, 100% used [0x0000000080000000,0x00000000d5580000,0x00000000d5580000)
 Metaspace       used 71763K, capacity 74490K, committed 75352K, reserved 1116160K
  class space    used 8701K, capacity 9176K, committed 9344K, reserved 1048576K
Event: 198.581 GC heap after
Heap after GC invocations=320 (full 251):
 PSYoungGen      total 475136K, used 346623K [0x00000000d5580000, 0x0000000100000000, 0x0000000100000000)
  eden space 346624K, 99% used [0x00000000d5580000,0x00000000ea7fff08,0x00000000ea800000)
  from space 128512K, 0% used [0x00000000f8280000,0x00000000f8280000,0x0000000100000000)
  to   space 176128K, 0% used [0x00000000ea800000,0x00000000ea800000,0x00000000f5400000)
 ParOldGen       total 1398272K, used 1398268K [0x0000000080000000, 0x00000000d5580000, 0x00000000d5580000)
  object space 1398272K, 99% used [0x0000000080000000,0x00000000d557f0b0,0x00000000d5580000)
 Metaspace       used 71763K, capacity 74490K, committed 75352K, reserved 1116160K
  class space    used 8701K, capacity 9176K, committed 9344K, reserved 1048576K
}
Event: 198.591 GC heap before
{Heap before GC invocations=321 (full 252):
 PSYoungGen      total 475136K, used 346624K [0x00000000d5580000, 0x0000000100000000, 0x0000000100000000)
  eden space 346624K, 100% used [0x00000000d5580000,0x00000000ea800000,0x00000000ea800000)
  from space 128512K, 0% used [0x00000000f8280000,0x00000000f8280000,0x0000000100000000)
  to   space 176128K, 0% used [0x00000000ea800000,0x00000000ea800000,0x00000000f5400000)
 ParOldGen       total 1398272K, used 1398268K [0x0000000080000000, 0x00000000d5580000, 0x00000000d5580000)
  object space 1398272K, 99% used [0x0000000080000000,0x00000000d557f0b0,0x00000000d5580000)
 Metaspace       used 71763K, capacity 74490K, committed 75352K, reserved 1116160K
  class space    used 8701K, capacity 9176K, committed 9344K, reserved 1048576K
Event: 199.171 GC heap after
Heap after GC invocations=321 (full 252):
 PSYoungGen      total 475136K, used 346623K [0x00000000d5580000, 0x0000000100000000, 0x0000000100000000)
  eden space 346624K, 99% used [0x00000000d5580000,0x00000000ea7fff90,0x00000000ea800000)
  from space 128512K, 0% used [0x00000000f8280000,0x00000000f8280000,0x0000000100000000)
  to   space 176128K, 0% used [0x00000000ea800000,0x00000000ea800000,0x00000000f5400000)
 ParOldGen       total 1398272K, used 1398268K [0x0000000080000000, 0x00000000d5580000, 0x00000000d5580000)
  object space 1398272K, 99% used [0x0000000080000000,0x00000000d557f0b0,0x00000000d5580000)
 Metaspace       used 71763K, capacity 74490K, committed 75352K, reserved 1116160K
  class space    used 8701K, capacity 9176K, committed 9344K, reserved 1048576K
}
Event: 199.172 GC heap before
{Heap before GC invocations=322 (full 253):
 PSYoungGen      total 475136K, used 346623K [0x00000000d5580000, 0x0000000100000000, 0x0000000100000000)
  eden space 346624K, 99% used [0x00000000d5580000,0x00000000ea7ffff8,0x00000000ea800000)
  from space 128512K, 0% used [0x00000000f8280000,0x00000000f8280000,0x0000000100000000)
  to   space 176128K, 0% used [0x00000000ea800000,0x00000000ea800000,0x00000000f5400000)
 ParOldGen       total 1398272K, used 1398268K [0x0000000080000000, 0x00000000d5580000, 0x00000000d5580000)
  object space 1398272K, 99% used [0x0000000080000000,0x00000000d557f0b0,0x00000000d5580000)
 Metaspace       used 71763K, capacity 74490K, committed 75352K, reserved 1116160K
  class space    used 8701K, capacity 9176K, committed 9344K, reserved 1048576K
Event: 199.752 GC heap after
Heap after GC invocations=322 (full 253):
 PSYoungGen      total 475136K, used 346623K [0x00000000d5580000, 0x0000000100000000, 0x0000000100000000)
  eden space 346624K, 99% used [0x00000000d5580000,0x00000000ea7fffe8,0x00000000ea800000)
  from space 128512K, 0% used [0x00000000f8280000,0x00000000f8280000,0x0000000100000000)
  to   space 176128K, 0% used [0x00000000ea800000,0x00000000ea800000,0x00000000f5400000)
 ParOldGen       total 1398272K, used 1398268K [0x0000000080000000, 0x00000000d5580000, 0x00000000d5580000)
  object space 1398272K, 99% used [0x0000000080000000,0x00000000d557f0b0,0x00000000d5580000)
 Metaspace       used 71763K, capacity 74490K, committed 75352K, reserved 1116160K
  class space    used 8701K, capacity 9176K, committed 9344K, reserved 1048576K
}

Deoptimization events (0 events):
No events

Classes redefined (7 events):
Event: 2.142 Thread 0x0000000002c0b000 redefined class name=com.zeroturnaround.jrebelbase.facade.av, count=1
Event: 2.143 Thread 0x0000000002c0b000 redefined class name=com.zeroturnaround.jrebelbase.facade.ap, count=1
Event: 2.146 Thread 0x0000000002c0b000 redefined class name=com.zeroturnaround.jrebelbase.facade.a, count=1
Event: 2.150 Thread 0x0000000002c0b000 redefined class name=com.zeroturnaround.jrebelbase.l, count=1
Event: 2.155 Thread 0x0000000002c0b000 redefined class name=com.zeroturnaround.jrebelbase.facade.h, count=1
Event: 2.157 Thread 0x0000000002c0b000 redefined class name=com.zeroturnaround.jrebelbase.facade.g, count=1
Event: 2.159 Thread 0x0000000002c0b000 redefined class name=com.zeroturnaround.jrebelbase.facade.i, count=1

Internal exceptions (10 events):
Event: 165.241 Thread 0x0000000022f15800 Exception <a 'java/lang/OutOfMemoryError'> (0x0000000080cfa9d0) thrown at [C:\re\workspace\8-2-build-windows-amd64-cygwin\jdk8u181\11358\hotspot\src\share\vm\gc_interface/collectedHeap.inline.hpp, line 159]
Event: 173.090 Thread 0x000000001ccd6000 Exception <a 'java/lang/InterruptedException'> (0x00000000d557fb90) thrown at [C:\re\workspace\8-2-build-windows-amd64-cygwin\jdk8u181\11358\hotspot\src\share\vm\runtime\objectMonitor.cpp, line 1495]
Event: 174.256 Thread 0x0000000022f12800 Exception <a 'java/lang/OutOfMemoryError'> (0x0000000080cfa9d0) thrown at [C:\re\workspace\8-2-build-windows-amd64-cygwin\jdk8u181\11358\hotspot\src\share\vm\gc_interface/collectedHeap.inline.hpp, line 159]
Event: 177.806 Thread 0x0000000022964000 Exception <a 'java/lang/OutOfMemoryError'> (0x0000000080cfa9d0) thrown at [C:\re\workspace\8-2-build-windows-amd64-cygwin\jdk8u181\11358\hotspot\src\share\vm\gc_interface/collectedHeap.inline.hpp, line 159]
Event: 178.964 Thread 0x000000001ccca800 Exception <a 'java/lang/OutOfMemoryError'> (0x0000000080cfa9d0) thrown at [C:\re\workspace\8-2-build-windows-amd64-cygwin\jdk8u181\11358\hotspot\src\share\vm\gc_interface/collectedHeap.inline.hpp, line 159]
Event: 180.130 Thread 0x000000001ccd6000 Exception <a 'java/lang/OutOfMemoryError'> (0x0000000080cfa9d0) thrown at [C:\re\workspace\8-2-build-windows-amd64-cygwin\jdk8u181\11358\hotspot\src\share\vm\gc_interface/collectedHeap.inline.hpp, line 159]
Event: 181.312 Thread 0x000000002295e000 Exception <a 'java/lang/OutOfMemoryError'> (0x0000000080cfa9d0) thrown at [C:\re\workspace\8-2-build-windows-amd64-cygwin\jdk8u181\11358\hotspot\src\share\vm\gc_interface/collectedHeap.inline.hpp, line 159]
Event: 182.510 Thread 0x000000001ccca800 Exception <a 'java/lang/OutOfMemoryError'> (0x0000000080cfa9d0) thrown at [C:\re\workspace\8-2-build-windows-amd64-cygwin\jdk8u181\11358\hotspot\src\share\vm\gc_interface/collectedHeap.inline.hpp, line 159]
Event: 186.665 Thread 0x000000001ccca800 Exception <a 'java/lang/OutOfMemoryError'> (0x0000000080cfa9d0) thrown at [C:\re\workspace\8-2-build-windows-amd64-cygwin\jdk8u181\11358\hotspot\src\share\vm\gc_interface/collectedHeap.inline.hpp, line 159]
Event: 198.000 Thread 0x0000000022964000 Exception <a 'java/lang/OutOfMemoryError'> (0x0000000080cfa9d0) thrown at [C:\re\workspace\8-2-build-windows-amd64-cygwin\jdk8u181\11358\hotspot\src\share\vm\gc_interface/collectedHeap.inline.hpp, line 159]

Events (10 events):
Event: 198.581 Thread 0x000000001cd00000 flushing nmethod 0x0000000003a3fa10
Event: 198.581 Thread 0x000000001cd00000 flushing nmethod 0x0000000003a40990
Event: 198.581 Thread 0x000000001cd00000 flushing nmethod 0x0000000003a41f10
Event: 198.581 Thread 0x000000001cd00000 flushing nmethod 0x0000000003a43650
Event: 198.581 Thread 0x000000001cd00000 flushing nmethod 0x0000000003ab7010
Event: 198.590 Executing VM operation: ParallelGCFailedAllocation
Event: 199.171 Executing VM operation: ParallelGCFailedAllocation done
Event: 199.171 Executing VM operation: ParallelGCFailedAllocation
Event: 199.752 Executing VM operation: ParallelGCFailedAllocation done
Event: 199.752 Executing VM operation: ParallelGCFailedAllocation


Dynamic libraries:
0x00007ff7d5680000 - 0x00007ff7d56b7000 	D:\JDK1.8update\bin\java.exe
0x00007ffd7b4a0000 - 0x00007ffd7b681000 	C:\Windows\SYSTEM32\ntdll.dll
0x00007ffd7a9d0000 - 0x00007ffd7aa81000 	C:\Windows\System32\KERNEL32.DLL
0x00007ffd77a20000 - 0x00007ffd77c93000 	C:\Windows\System32\KERNELBASE.dll
0x00007ffd78d80000 - 0x00007ffd78e21000 	C:\Windows\System32\ADVAPI32.dll
0x00007ffd7b040000 - 0x00007ffd7b0de000 	C:\Windows\System32\msvcrt.dll
0x00007ffd78d20000 - 0x00007ffd78d7b000 	C:\Windows\System32\sechost.dll
0x00007ffd7adf0000 - 0x00007ffd7af14000 	C:\Windows\System32\RPCRT4.dll
0x00007ffd78e50000 - 0x00007ffd78fe0000 	C:\Windows\System32\USER32.dll
0x00007ffd786d0000 - 0x00007ffd786f0000 	C:\Windows\System32\win32u.dll
0x00007ffd7b440000 - 0x00007ffd7b468000 	C:\Windows\System32\GDI32.dll
0x00007ffd784b0000 - 0x00007ffd78642000 	C:\Windows\System32\gdi32full.dll
0x00007ffd78410000 - 0x00007ffd784af000 	C:\Windows\System32\msvcp_win.dll
0x00007ffd77870000 - 0x00007ffd77968000 	C:\Windows\System32\ucrtbase.dll
0x00007ffd68a80000 - 0x00007ffd68ce9000 	C:\Windows\WinSxS\amd64_microsoft.windows.common-controls_6595b64144ccf1df_6.0.17134.765_none_fb42a1a930655896\COMCTL32.dll
0x00007ffd789e0000 - 0x00007ffd78d02000 	C:\Windows\System32\combase.dll
0x00007ffd78650000 - 0x00007ffd786ca000 	C:\Windows\System32\bcryptPrimitives.dll
0x00007ffd7ac10000 - 0x00007ffd7ac3d000 	C:\Windows\System32\IMM32.DLL
0x0000000053aa0000 - 0x0000000053b72000 	D:\JDK1.8update\jre\bin\msvcr100.dll
0x00000000531f0000 - 0x0000000053a92000 	D:\JDK1.8update\jre\bin\server\jvm.dll
0x00007ffd7ac40000 - 0x00007ffd7ac48000 	C:\Windows\System32\PSAPI.DLL
0x00007ffd613b0000 - 0x00007ffd613b9000 	C:\Windows\SYSTEM32\WSOCK32.dll
0x00007ffd7ac50000 - 0x00007ffd7acbc000 	C:\Windows\System32\WS2_32.dll
0x00007ffd75af0000 - 0x00007ffd75b13000 	C:\Windows\SYSTEM32\WINMM.dll
0x00007ffd71a90000 - 0x00007ffd71a9a000 	C:\Windows\SYSTEM32\VERSION.dll
0x00007ffd75ac0000 - 0x00007ffd75aea000 	C:\Windows\SYSTEM32\winmmbase.dll
0x00007ffd788e0000 - 0x00007ffd78929000 	C:\Windows\System32\cfgmgr32.dll
0x00000000531e0000 - 0x00000000531ef000 	D:\JDK1.8update\jre\bin\verify.dll
0x00000000531b0000 - 0x00000000531d9000 	D:\JDK1.8update\jre\bin\java.dll
0x0000000053020000 - 0x0000000053055000 	D:\JDK1.8update\jre\bin\jdwp.dll
0x0000000053140000 - 0x0000000053148000 	D:\JDK1.8update\jre\bin\npt.dll
0x00007ffd59ec0000 - 0x00007ffd59ef9000 	C:\Users\mrli\.IntelliJIdea2018.3\config\plugins\jr-ide-idea\lib\jrebel6\lib\jrebel64.dll
0x00007ffd78fe0000 - 0x00007ffd7a420000 	C:\Windows\System32\SHELL32.dll
0x00007ffd78930000 - 0x00007ffd789d9000 	C:\Windows\System32\shcore.dll
0x00007ffd77d00000 - 0x00007ffd7840d000 	C:\Windows\System32\windows.storage.dll
0x00007ffd7ad90000 - 0x00007ffd7ade1000 	C:\Windows\System32\shlwapi.dll
0x00007ffd77810000 - 0x00007ffd77821000 	C:\Windows\System32\kernel.appcore.dll
0x00007ffd77830000 - 0x00007ffd7784f000 	C:\Windows\System32\profapi.dll
0x00007ffd777b0000 - 0x00007ffd777fc000 	C:\Windows\System32\powrprof.dll
0x00007ffd77800000 - 0x00007ffd7780a000 	C:\Windows\System32\FLTLIB.DLL
0x00007ffd771a0000 - 0x00007ffd771ab000 	C:\Windows\SYSTEM32\CRYPTBASE.DLL
0x0000000052ff0000 - 0x0000000053013000 	D:\JDK1.8update\jre\bin\instrument.dll
0x0000000053190000 - 0x00000000531a6000 	D:\JDK1.8update\jre\bin\zip.dll
0x0000000052fe0000 - 0x0000000052fe9000 	D:\JDK1.8update\jre\bin\dt_socket.dll
0x00007ffd76fd0000 - 0x00007ffd77036000 	C:\Windows\system32\mswsock.dll
0x0000000052fd0000 - 0x0000000052fdd000 	D:\JDK1.8update\jre\bin\management.dll
0x0000000053170000 - 0x000000005318a000 	D:\JDK1.8update\jre\bin\net.dll
0x0000000053150000 - 0x0000000053161000 	D:\JDK1.8update\jre\bin\nio.dll
0x00007ffd64580000 - 0x00007ffd6459b000 	C:\Users\mrli\AppData\Local\Temp\jrebel-temp\ver-8b30ffd1\IdeaWin64.dll
0x0000000052fa0000 - 0x0000000052fc4000 	D:\JDK1.8update\jre\bin\sunec.dll
0x0000000052f90000 - 0x0000000052f9b000 	D:\JDK1.8update\jre\bin\sunmscapi.dll
0x00007ffd786f0000 - 0x00007ffd788d2000 	C:\Windows\System32\CRYPT32.dll
0x00007ffd77850000 - 0x00007ffd77862000 	C:\Windows\System32\MSASN1.dll
0x00007ffd76d50000 - 0x00007ffd76d88000 	C:\Windows\SYSTEM32\IPHLPAPI.DLL
0x00007ffd78d10000 - 0x00007ffd78d18000 	C:\Windows\System32\NSI.dll
0x00007ffd73240000 - 0x00007ffd73256000 	C:\Windows\SYSTEM32\dhcpcsvc6.DLL
0x00007ffd731c0000 - 0x00007ffd731da000 	C:\Windows\SYSTEM32\dhcpcsvc.DLL
0x00007ffd77180000 - 0x00007ffd77197000 	C:\Windows\SYSTEM32\CRYPTSP.dll
0x00007ffd76bb0000 - 0x00007ffd76be3000 	C:\Windows\system32\rsaenh.dll
0x00007ffd772b0000 - 0x00007ffd772d5000 	C:\Windows\SYSTEM32\bcrypt.dll
0x00007ffd776b0000 - 0x00007ffd776d8000 	C:\Windows\SYSTEM32\USERENV.dll
0x00007ffd76d90000 - 0x00007ffd76e4e000 	C:\Windows\SYSTEM32\DNSAPI.dll
0x00007ffd72750000 - 0x00007ffd7275a000 	C:\Windows\System32\rasadhlp.dll
0x00007ffd728b0000 - 0x00007ffd72922000 	C:\Windows\System32\fwpuclnt.dll
0x00007ffd5cfb0000 - 0x00007ffd5cfc6000 	C:\Windows\system32\napinsp.dll
0x00007ffd5a630000 - 0x00007ffd5a64a000 	C:\Windows\system32\pnrpnsp.dll
0x00007ffd740b0000 - 0x00007ffd740c9000 	C:\Windows\system32\NLAapi.dll
0x00007ffd5cfa0000 - 0x00007ffd5cfae000 	C:\Windows\System32\winrnr.dll
0x00007ffd45f10000 - 0x00007ffd460d9000 	C:\Windows\SYSTEM32\dbghelp.dll

VM Arguments:
jvm_args: -agentlib:jdwp=transport=dt_socket,address=127.0.0.1:62833,suspend=y,server=n -Drebel.base=C:\Users\mrli\.jrebel -Drebel.env.ide.plugin.version=2019.1.1 -Drebel.env.ide.version=2018.3.6 -Drebel.env.ide.product=IU -Drebel.env.ide=intellij -Drebel.notification.url=http://localhost:17434 -agentpath:C:\Users\mrli\.IntelliJIdea2018.3\config\plugins\jr-ide-idea\lib\jrebel6\lib\jrebel64.dll -Xmx2048m -XX:TieredStopAtLevel=1 -Xverify:none -Dspring.output.ansi.enabled=always -Dcom.sun.management.jmxremote -Dspring.liveBeansView.mbeanDomain -Dspring.application.admin.enabled=true -javaagent:C:\Users\mrli\.IntelliJIdea2018.3\system\captureAgent\debugger-agent.jar -Dfile.encoding=UTF-8 
java_command: com.office.OfficeApplication
java_class_path (initial): D:\JDK1.8update\jre\lib\charsets.jar;D:\JDK1.8update\jre\lib\deploy.jar;D:\JDK1.8update\jre\lib\ext\access-bridge-64.jar;D:\JDK1.8update\jre\lib\ext\cldrdata.jar;D:\JDK1.8update\jre\lib\ext\dnsns.jar;D:\JDK1.8update\jre\lib\ext\jaccess.jar;D:\JDK1.8update\jre\lib\ext\jfxrt.jar;D:\JDK1.8update\jre\lib\ext\localedata.jar;D:\JDK1.8update\jre\lib\ext\nashorn.jar;D:\JDK1.8update\jre\lib\ext\sunec.jar;D:\JDK1.8update\jre\lib\ext\sunjce_provider.jar;D:\JDK1.8update\jre\lib\ext\sunmscapi.jar;D:\JDK1.8update\jre\lib\ext\sunpkcs11.jar;D:\JDK1.8update\jre\lib\ext\zipfs.jar;D:\JDK1.8update\jre\lib\javaws.jar;D:\JDK1.8update\jre\lib\jce.jar;D:\JDK1.8update\jre\lib\jfr.jar;D:\JDK1.8update\jre\lib\jfxswt.jar;D:\JDK1.8update\jre\lib\jsse.jar;D:\JDK1.8update\jre\lib\management-agent.jar;D:\JDK1.8update\jre\lib\plugin.jar;D:\JDK1.8update\jre\lib\resources.jar;D:\JDK1.8update\jre\lib\rt.jar;D:\IdeaProjects\office\out\production\classes;D:\IdeaProjects\office\out\production\resources;C:\Users\mrli\.gradle\caches\modules-2\files-2.1\org.springframework\spring-beans\5.1.3.RELEASE\9a15a7c84bd12516574bcaf87ffa38c1e65e8a2b\spring-beans-5.1.3.RELEASE.jar;C:\Users\mrli\.gradle\caches\modules-2\files-2.1\org.apache.logging.log4j\log4j-api\2.11.1\268f0fe4df3eefe052b57c87ec48517d64fb2a10\log4j-api-2.11.1.jar;C:\Users\mrli\.gradle\caches\modules-2\files-2.1\org.mybatis.spring.boot\mybatis-spring-boot-starter\1.3.2\cb6de087ae0d34b23ad0671aacdbcc433d84875f\mybatis-spring-boot-starter-1.3.2.jar;C:\Users\mrli\.gradle\caches\modules-2\files-2.1\javax.servlet\javax.servlet-api\4.0.1\a27082684a2ff0bf397666c3943496c44541d1ca\javax.servlet-api-4.0.1.jar;C:\Users\mrli\.gradle\caches\modules-2\files-2.1\org.springframework.boot\spring-boot\2.1.1.RELEASE\35a3dd576bc3ad5832d0a7d7242b3b140095727b\spring-boot-2.1.1.RELEASE.jar;C:\Users\mrli\.gradle\caches\modules-2\files-2.1\org.springframework.boot\spring-boot-autoconfigure\2.1.1.RELEASE\b8238b78cefe6d964f996599556af9ac8669a83d\spr
Launcher Type: SUN_STANDARD

Environment Variables:
PATH=C:\Program Files (x86)\Common Files\Oracle\Java\javapath;C:\Windows\system32;C:\Windows;C:\Windows\System32\Wbem;C:\Windows\System32\WindowsPowerShell\v1.0\;C:\Windows\System32\OpenSSH\;D:\Git\cmd;C:\Program Files\Microsoft SQL Server\130\Tools\Binn\;D:\openVC\openvc\build\x64\vc15\bin;D:\VS\Shared\Python36_64\Lib;C:\Users\mrli\AppData\Local\Microsoft\WindowsApps;D:\Git\cmd;D:\VS\Shared\Python36_64\Lib;
USERNAME=mrli
OS=Windows_NT
PROCESSOR_IDENTIFIER=Intel64 Family 6 Model 158 Stepping 9, GenuineIntel



---------------  S Y S T E M  ---------------

OS: Windows 10.0 , 64 bit Build 17134 (10.0.17134.753)

CPU:total 8 (initial active 8) (4 cores per cpu, 2 threads per core) family 6 model 158 stepping 9, cmov, cx8, fxsr, mmx, sse, sse2, sse3, ssse3, sse4.1, sse4.2, popcnt, avx, avx2, aes, clmul, erms, rtm, 3dnowpref, lzcnt, ht, tsc, tscinvbit, bmi1, bmi2, adx

Memory: 4k page, physical 8277664k(2289344k free), swap 16141984k(8046296k free)

vm_info: Java HotSpot(TM) 64-Bit Server VM (25.181-b13) for windows-amd64 JRE (1.8.0_181-b13), built on Jul  7 2018 04:01:33 by "java_re" with MS VC++ 10.0 (VS2010)

time: Wed May 29 10:54:46 2019
elapsed time: 199 seconds (0d 0h 3m 19s)

